[2026-02-21 23:29:03] =========================================
[2026-02-21 23:29:03] Starting Daily Digest
[2026-02-21 23:29:03] =========================================
[2026-02-21 23:29:03] 📌 Running Blog Digest...
[2026-02-21 23:29:25] ✅ Blog Digest completed successfully
[2026-02-21 23:29:25] 📋 Copied blog-digest-2026-02-21.md to blog/
[2026-02-21 23:29:25] 📌 Running YouTube Digest...
[2026-02-21 23:30:50] ✅ YouTube Digest completed successfully
[2026-02-21 23:30:50] 📋 Copied digest-2026-02-21.md to youtube/
[2026-02-21 23:30:50] 📤 Pushing to git repository...
[2026-02-21 23:34:04] =========================================
[2026-02-21 23:34:04] Starting Daily Digest
[2026-02-21 23:34:04] =========================================
[2026-02-21 23:34:04] 📌 Running Blog Digest...
[2026-02-21 23:34:33] ✅ Blog Digest completed successfully
[2026-02-21 23:34:33] 📋 Copied blog-digest-2026-02-21.md to blog/
[2026-02-21 23:34:33] 📌 Running YouTube Digest...
[2026-02-21 23:35:42] ✅ YouTube Digest completed successfully
[2026-02-21 23:35:42] 📋 Copied digest-2026-02-21.md to youtube/
[2026-02-21 23:35:42] 📌 Running GitHub Digest...
[2026-02-21 23:36:19] =========================================
[2026-02-21 23:36:19] Starting Daily Digest
[2026-02-21 23:36:19] =========================================
[2026-02-21 23:36:19] 📌 Running Blog Digest...
[2026-02-21 23:36:52] ✅ Blog Digest completed successfully
[2026-02-21 23:36:52] 📋 Copied blog-digest-2026-02-21.md to blog/
[2026-02-21 23:36:52] 📌 Running YouTube Digest...
[2026-02-21 23:37:54] ✅ YouTube Digest completed successfully
[2026-02-21 23:37:54] 📋 Copied digest-2026-02-21.md to youtube/
[2026-02-21 23:37:54] 📌 Running GitHub Digest...
[2026-02-21 23:38:31] ✅ GitHub Digest completed successfully
[2026-02-21 23:38:31] 📋 Copied github-digest-2026-02-21.md to github/
[2026-02-21 23:38:31] 📤 Pushing to git repository...
[2026-02-21 23:38:33] ✅ Pushed to repository
[2026-02-21 23:38:33] =========================================
[2026-02-21 23:38:33] Daily Digest completed
[2026-02-21 23:38:33] =========================================
